<?xml version="1.0" encoding="UTF-8"?>
<!-- Generated by org.testng.reporters.JUnitXMLReporter -->
<testsuite hostname="hAckstation" name="Default test" tests="3" failures="0" timestamp="1 Jul 2016 06:37:33 GMT" time="776.505" errors="0">
  <testcase name="checkMenuBar" time="676.622" classname="firsttestngproject.test"/>
  <testcase name="checkMenuBar2" time="32.036" classname="firsttestngproject.test"/>
  <testcase name="checkfooter" time="67.813" classname="firsttestngproject.test"/>
</testsuite> <!-- Default test -->
