<?xml version="1.0" encoding="UTF-8"?>
<testng-results skipped="0" failed="0" total="1" passed="1">
  <reporter-output>
  </reporter-output>
  <suite name="Default suite" duration-ms="119" started-at="2016-07-09T12:17:11Z" finished-at="2016-07-09T12:17:11Z">
    <groups>
    </groups>
    <test name="Default test" duration-ms="119" started-at="2016-07-09T12:17:11Z" finished-at="2016-07-09T12:17:11Z">
      <class name="firsttestngproject.temp">
        <test-method status="PASS" signature="setUp()[pri:0, instance:firsttestngproject.temp@cc285f4]" name="setUp" is-config="true" duration-ms="32492" started-at="2016-07-09T17:46:39Z" finished-at="2016-07-09T17:47:11Z">
          <reporter-output>
          </reporter-output>
        </test-method> <!-- setUp -->
        <test-method status="PASS" signature="testing()[pri:1, instance:firsttestngproject.temp@cc285f4]" name="testing" duration-ms="95" started-at="2016-07-09T17:47:11Z" finished-at="2016-07-09T17:47:11Z">
          <reporter-output>
          </reporter-output>
        </test-method> <!-- testing -->
        <test-method status="PASS" signature="tearDown()[pri:0, instance:firsttestngproject.temp@cc285f4]" name="tearDown" is-config="true" duration-ms="86" started-at="2016-07-09T17:47:11Z" finished-at="2016-07-09T17:47:11Z">
          <reporter-output>
          </reporter-output>
        </test-method> <!-- tearDown -->
      </class> <!-- firsttestngproject.temp -->
    </test> <!-- Default test -->
  </suite> <!-- Default suite -->
</testng-results>
