<?xml version="1.0" encoding="UTF-8"?>
<testng-results skipped="0" failed="0" total="1" passed="1">
  <reporter-output>
  </reporter-output>
  <suite name="Suite" duration-ms="69879" started-at="2016-06-27T07:56:24Z" finished-at="2016-06-27T07:57:33Z">
    <groups>
    </groups>
    <test name="Test" duration-ms="69879" started-at="2016-06-27T07:56:24Z" finished-at="2016-06-27T07:57:33Z">
      <class name="firsttestngproject.test">
        <test-method status="PASS" signature="setUp()[pri:0, instance:firsttestngproject.test@cc285f4]" name="setUp" is-config="true" duration-ms="26389" started-at="2016-06-27T13:25:57Z" finished-at="2016-06-27T13:26:24Z">
          <reporter-output>
          </reporter-output>
        </test-method> <!-- setUp -->
        <test-method status="PASS" signature="checkmenubar2()[pri:1, instance:firsttestngproject.test@cc285f4]" name="checkmenubar2" duration-ms="69861" started-at="2016-06-27T13:26:24Z" finished-at="2016-06-27T13:27:33Z">
          <reporter-output>
          </reporter-output>
        </test-method> <!-- checkmenubar2 -->
        <test-method status="PASS" signature="tearDown()[pri:0, instance:firsttestngproject.test@cc285f4]" name="tearDown" is-config="true" duration-ms="78" started-at="2016-06-27T13:27:33Z" finished-at="2016-06-27T13:27:33Z">
          <reporter-output>
          </reporter-output>
        </test-method> <!-- tearDown -->
      </class> <!-- firsttestngproject.test -->
    </test> <!-- Test -->
  </suite> <!-- Suite -->
</testng-results>
